@prefix datafaqs: <http://purl.org/twc/vocab/datafaqs#> .
@prefix dcat: <http://www.w3.org/ns/dcat#> .
@prefix dcterms: <http://purl.org/dc/terms/> .

<http://ckan.net/group/lodcloud> a datafaqs:DatasetCollection;
    dcterms:hasPart <http://thedatahub.org/dataset/2000-us-census-rdf>,
        <http://thedatahub.org/dataset/a-seobook-dataset>,
        <http://thedatahub.org/dataset/aemet>,
        <http://thedatahub.org/dataset/agrovoc-skos>,
        <http://thedatahub.org/dataset/amsterdam-museum-as-edm-lod>,
        <http://thedatahub.org/dataset/archiveshub-linkeddata>,
        <http://thedatahub.org/dataset/austrian_ski_racers>,
        <http://thedatahub.org/dataset/b3kat>,
        <http://thedatahub.org/dataset/bbc-music>,
        <http://thedatahub.org/dataset/bbc-programmes>,
        <http://thedatahub.org/dataset/bbc-wildlife-finder>,
        <http://thedatahub.org/dataset/beneficiaries-of-the-european-commission>,
        <http://thedatahub.org/dataset/bibbase>,
        <http://thedatahub.org/dataset/bible-ontology>,
        <http://thedatahub.org/dataset/bio2rdf-affymetrix>,
        <http://thedatahub.org/dataset/bio2rdf-cas>,
        <http://thedatahub.org/dataset/bio2rdf-chebi>,
        <http://thedatahub.org/dataset/bio2rdf-genbank>,
        <http://thedatahub.org/dataset/bio2rdf-goa>,
        <http://thedatahub.org/dataset/bio2rdf-hgnc>,
        <http://thedatahub.org/dataset/bio2rdf-homologene>,
        <http://thedatahub.org/dataset/bio2rdf-interpro>,
        <http://thedatahub.org/dataset/bio2rdf-kegg-compound>,
        <http://thedatahub.org/dataset/bio2rdf-kegg-drug>,
        <http://thedatahub.org/dataset/bio2rdf-kegg-enzyme>,
        <http://thedatahub.org/dataset/bio2rdf-kegg-glycan>,
        <http://thedatahub.org/dataset/bio2rdf-kegg-pathway>,
        <http://thedatahub.org/dataset/bio2rdf-kegg-reaction>,
        <http://thedatahub.org/dataset/bio2rdf-mgi>,
        <http://thedatahub.org/dataset/bio2rdf-ncbi-gene>,
        <http://thedatahub.org/dataset/bio2rdf-obo>,
        <http://thedatahub.org/dataset/bio2rdf-omim>,
        <http://thedatahub.org/dataset/bio2rdf-pdb>,
        <http://thedatahub.org/dataset/bio2rdf-pfam>,
        <http://thedatahub.org/dataset/bio2rdf-prodom>,
        <http://thedatahub.org/dataset/bio2rdf-prosite>,
        <http://thedatahub.org/dataset/bio2rdf-pubchem>,
        <http://thedatahub.org/dataset/bio2rdf-pubmed>,
        <http://thedatahub.org/dataset/bio2rdf-reactome>,
        <http://thedatahub.org/dataset/bio2rdf-sgd>,
        <http://thedatahub.org/dataset/bio2rdf-unists>,
        <http://thedatahub.org/dataset/bluk-bnb>,
        <http://thedatahub.org/dataset/brazilian-politicians>,
        <http://thedatahub.org/dataset/bricklink>,
        <http://thedatahub.org/dataset/british-museum-collection>,
        <http://thedatahub.org/dataset/business-data-gov-uk>,
        <http://thedatahub.org/dataset/calames>,
        <http://thedatahub.org/dataset/chem2bio2rdf>,
        <http://thedatahub.org/dataset/chronicling-america>,
        <http://thedatahub.org/dataset/clean-energy-data-reegle>,
        <http://thedatahub.org/dataset/colinda>,
        <http://thedatahub.org/dataset/core>,
        <http://thedatahub.org/dataset/cornetto>,
        <http://thedatahub.org/dataset/courts-thesaurus>,
        <http://thedatahub.org/dataset/data-bnf-fr>,
        <http://thedatahub.org/dataset/data-cnr-it>,
        <http://thedatahub.org/dataset/data-gov>,
        <http://thedatahub.org/dataset/data-gov-ie>,
        <http://thedatahub.org/dataset/data-gov-uk-time-intervals>,
        <http://thedatahub.org/dataset/data-incubator-climb>,
        <http://thedatahub.org/dataset/data-incubator-discogs>,
        <http://thedatahub.org/dataset/data-incubator-metoffice>,
        <http://thedatahub.org/dataset/data-incubator-moseley>,
        <http://thedatahub.org/dataset/data-incubator-musicbrainz>,
        <http://thedatahub.org/dataset/data-incubator-nasa>,
        <http://thedatahub.org/dataset/data-incubator-our-airports>,
        <http://thedatahub.org/dataset/data-incubator-pokedex>,
        <http://thedatahub.org/dataset/data-incubator-smcjournals>,
        <http://thedatahub.org/dataset/data-open-ac-uk>,
        <http://thedatahub.org/dataset/datos-bcn-cl>,
        <http://thedatahub.org/dataset/datos-bne-es>,
        <http://thedatahub.org/dataset/dbpedia>,
        <http://thedatahub.org/dataset/dbpedia-el>,
        <http://thedatahub.org/dataset/dbpedia-lite>,
        <http://thedatahub.org/dataset/dbpedia-pt>,
        <http://thedatahub.org/dataset/dbtropes>,
        <http://thedatahub.org/dataset/dbtune-audioscrobbler>,
        <http://thedatahub.org/dataset/dbtune-classical>,
        <http://thedatahub.org/dataset/dbtune-john-peel-sessions>,
        <http://thedatahub.org/dataset/dbtune-magnatune>,
        <http://thedatahub.org/dataset/dbtune-musicbrainz>,
        <http://thedatahub.org/dataset/dbtune-myspace>,
        <http://thedatahub.org/dataset/dcs-sheffield>,
        <http://thedatahub.org/dataset/deutsche-biographie>,
        <http://thedatahub.org/dataset/dewey_decimal_classification>,
        <http://thedatahub.org/dataset/didactalia>,
        <http://thedatahub.org/dataset/dnb-gemeinsame-normdatei>,
        <http://thedatahub.org/dataset/ecco-tcp-linked-data>,
        <http://thedatahub.org/dataset/ecs>,
        <http://thedatahub.org/dataset/education-data-gov-uk>,
        <http://thedatahub.org/dataset/educationalprograms_sisvu>,
        <http://thedatahub.org/dataset/eea>,
        <http://thedatahub.org/dataset/enakting-co2emission>,
        <http://thedatahub.org/dataset/enakting-crime>,
        <http://thedatahub.org/dataset/enakting-energy>,
        <http://thedatahub.org/dataset/enakting-mortality>,
        <http://thedatahub.org/dataset/enakting-nhs>,
        <http://thedatahub.org/dataset/enakting-population>,
        <http://thedatahub.org/dataset/enipedia>,
        <http://thedatahub.org/dataset/environmental-applications-reference-thesaurus>,
        <http://thedatahub.org/dataset/esd-standards>,
        <http://thedatahub.org/dataset/eu-institutions>,
        <http://thedatahub.org/dataset/eumida-linked-data>,
        <http://thedatahub.org/dataset/eunis>,
        <http://thedatahub.org/dataset/europeana-lod>,
        <http://thedatahub.org/dataset/eurostat-rdf>,
        <http://thedatahub.org/dataset/eutc-productions>,
        <http://thedatahub.org/dataset/event-media>,
        <http://thedatahub.org/dataset/fanhubz>,
        <http://thedatahub.org/dataset/fao-geopolitical-ontology>,
        <http://thedatahub.org/dataset/farmbio-chembl>,
        <http://thedatahub.org/dataset/farmers-markets-geographic-data-united-states>,
        <http://thedatahub.org/dataset/finnish-municipalities>,
        <http://thedatahub.org/dataset/fishes-of-texas>,
        <http://thedatahub.org/dataset/flickr-wrappr>,
        <http://thedatahub.org/dataset/freebase>,
        <http://thedatahub.org/dataset/fu-berlin-cordis>,
        <http://thedatahub.org/dataset/fu-berlin-dailymed>,
        <http://thedatahub.org/dataset/fu-berlin-dblp>,
        <http://thedatahub.org/dataset/fu-berlin-diseasome>,
        <http://thedatahub.org/dataset/fu-berlin-drugbank>,
        <http://thedatahub.org/dataset/fu-berlin-eures>,
        <http://thedatahub.org/dataset/fu-berlin-eurostat>,
        <http://thedatahub.org/dataset/fu-berlin-medicare>,
        <http://thedatahub.org/dataset/fu-berlin-project-gutenberg>,
        <http://thedatahub.org/dataset/fu-berlin-sider>,
        <http://thedatahub.org/dataset/fu-berlin-stitch>,
        <http://thedatahub.org/dataset/gemeenschappelijke-thesaurus-audiovisuele-archieven>,
        <http://thedatahub.org/dataset/gemet>,
        <http://thedatahub.org/dataset/geolinkeddata>,
        <http://thedatahub.org/dataset/geological-survey-of-austria-thesaurus>,
        <http://thedatahub.org/dataset/geonames-semantic-web>,
        <http://thedatahub.org/dataset/geospecies>,
        <http://thedatahub.org/dataset/geowordnet>,
        <http://thedatahub.org/dataset/german-labor-law-thesaurus>,
        <http://thedatahub.org/dataset/gesis-thesoz>,
        <http://thedatahub.org/dataset/gnoss>,
        <http://thedatahub.org/dataset/googleart-wrapper>,
        <http://thedatahub.org/dataset/government-web-integration-for-linked-data>,
        <http://thedatahub.org/dataset/govtrack>,
        <http://thedatahub.org/dataset/grrp>,
        <http://thedatahub.org/dataset/hellenic-fire-brigade>,
        <http://thedatahub.org/dataset/hellenic-police>,
        <http://thedatahub.org/dataset/hungarian-national-library-catalog>,
        <http://thedatahub.org/dataset/idreffr>,
        <http://thedatahub.org/dataset/iserve>,
        <http://thedatahub.org/dataset/istat-immigration>,
        <http://thedatahub.org/dataset/italian-public-schools-linkedopendata-it>,
        <http://thedatahub.org/dataset/jamendo-dbtune>,
        <http://thedatahub.org/dataset/japan-radioactivity-stat>,
        <http://thedatahub.org/dataset/john-goodwins-family-tree>,
        <http://thedatahub.org/dataset/klappstuhlclub>,
        <http://thedatahub.org/dataset/knoesis-linked-sensor-data>,
        <http://thedatahub.org/dataset/l3s-dblp>,
        <http://thedatahub.org/dataset/lcsh>,
        <http://thedatahub.org/dataset/lexvo>,
        <http://thedatahub.org/dataset/libris>,
        <http://thedatahub.org/dataset/libver>,
        <http://thedatahub.org/dataset/lichfield-spending>,
        <http://thedatahub.org/dataset/lingvoj>,
        <http://thedatahub.org/dataset/linked-crunchbase>,
        <http://thedatahub.org/dataset/linked-edgar>,
        <http://thedatahub.org/dataset/linked-eurostat>,
        <http://thedatahub.org/dataset/linked-open-data-of-ecology>,
        <http://thedatahub.org/dataset/linked-open-numbers>,
        <http://thedatahub.org/dataset/linked-open-vocabularies-lov>,
        <http://thedatahub.org/dataset/linked-user-feedback>,
        <http://thedatahub.org/dataset/linkedct>,
        <http://thedatahub.org/dataset/linkedgeodata>,
        <http://thedatahub.org/dataset/linkedlccn>,
        <http://thedatahub.org/dataset/linkedmdb>,
        <http://thedatahub.org/dataset/lista-encabezamientos-materia>,
        <http://thedatahub.org/dataset/lobid-organisations>,
        <http://thedatahub.org/dataset/lobid-resources>,
        <http://thedatahub.org/dataset/loc>,
        <http://thedatahub.org/dataset/loius>,
        <http://thedatahub.org/dataset/london-gazette>,
        <http://thedatahub.org/dataset/los_metar>,
        <http://thedatahub.org/dataset/lotico>,
        <http://thedatahub.org/dataset/manchester-university-reading-lists>,
        <http://thedatahub.org/dataset/marc-codes>,
        <http://thedatahub.org/dataset/meducator>,
        <http://thedatahub.org/dataset/morelab>,
        <http://thedatahub.org/dataset/museums-in-italy>,
        <http://thedatahub.org/dataset/my-experiment>,
        <http://thedatahub.org/dataset/my-family-lineage>,
        <http://thedatahub.org/dataset/national-diet-library-authorities>,
        <http://thedatahub.org/dataset/nomenclator-asturias-2010>,
        <http://thedatahub.org/dataset/normesh>,
        <http://thedatahub.org/dataset/nottingham-trent-university-resource-lists>,
        <http://thedatahub.org/dataset/ntnusc>,
        <http://thedatahub.org/dataset/nvd>,
        <http://thedatahub.org/dataset/nytimes-linked-open-data>,
        <http://thedatahub.org/dataset/oceandrilling-codices>,
        <http://thedatahub.org/dataset/oceandrilling-janusamp>,
        <http://thedatahub.org/dataset/oclc-fast>,
        <http://thedatahub.org/dataset/ogolod>,
        <http://thedatahub.org/dataset/ontos-news-portal>,
        <http://thedatahub.org/dataset/open-data-thesaurus>,
        <http://thedatahub.org/dataset/open-election-data-project>,
        <http://thedatahub.org/dataset/open-energy-info-wiki>,
        <http://thedatahub.org/dataset/opencalais>,
        <http://thedatahub.org/dataset/opencorporates>,
        <http://thedatahub.org/dataset/opencyc>,
        <http://thedatahub.org/dataset/openlibrary>,
        <http://thedatahub.org/dataset/openlylocal>,
        <http://thedatahub.org/dataset/ordnance-survey-linked-data>,
        <http://thedatahub.org/dataset/oxpoints>,
        <http://thedatahub.org/dataset/patents-data-gov-uk>,
        <http://thedatahub.org/dataset/pleiades>,
        <http://thedatahub.org/dataset/pokepedia-fr>,
        <http://thedatahub.org/dataset/prefix-cc>,
        <http://thedatahub.org/dataset/printed-book-auction-catalogues>,
        <http://thedatahub.org/dataset/productdb>,
        <http://thedatahub.org/dataset/productontology>,
        <http://thedatahub.org/dataset/pscs-catalogue>,
        <http://thedatahub.org/dataset/psh-subject-headings>,
        <http://thedatahub.org/dataset/radatana>,
        <http://thedatahub.org/dataset/rdf-book-mashup>,
        <http://thedatahub.org/dataset/rdfize-lastfm>,
        <http://thedatahub.org/dataset/rdfohloh>,
        <http://thedatahub.org/dataset/rechtspraak>,
        <http://thedatahub.org/dataset/reference-data-gov-uk>,
        <http://thedatahub.org/dataset/renewable_energy_generators>,
        <http://thedatahub.org/dataset/research-data-gov-uk>,
        <http://thedatahub.org/dataset/revyu>,
        <http://thedatahub.org/dataset/riese>,
        <http://thedatahub.org/dataset/rkb-explorer-acm>,
        <http://thedatahub.org/dataset/rkb-explorer-budapest>,
        <http://thedatahub.org/dataset/rkb-explorer-citeseer>,
        <http://thedatahub.org/dataset/rkb-explorer-cordis>,
        <http://thedatahub.org/dataset/rkb-explorer-courseware>,
        <http://thedatahub.org/dataset/rkb-explorer-crime>,
        <http://thedatahub.org/dataset/rkb-explorer-curriculum>,
        <http://thedatahub.org/dataset/rkb-explorer-darmstadt>,
        <http://thedatahub.org/dataset/rkb-explorer-dblp>,
        <http://thedatahub.org/dataset/rkb-explorer-deepblue>,
        <http://thedatahub.org/dataset/rkb-explorer-deploy>,
        <http://thedatahub.org/dataset/rkb-explorer-dotac>,
        <http://thedatahub.org/dataset/rkb-explorer-ecs>,
        <http://thedatahub.org/dataset/rkb-explorer-eprints>,
        <http://thedatahub.org/dataset/rkb-explorer-era>,
        <http://thedatahub.org/dataset/rkb-explorer-eurecom>,
        <http://thedatahub.org/dataset/rkb-explorer-ft>,
        <http://thedatahub.org/dataset/rkb-explorer-ibm>,
        <http://thedatahub.org/dataset/rkb-explorer-ieee>,
        <http://thedatahub.org/dataset/rkb-explorer-irit>,
        <http://thedatahub.org/dataset/rkb-explorer-jisc>,
        <http://thedatahub.org/dataset/rkb-explorer-kisti>,
        <http://thedatahub.org/dataset/rkb-explorer-laas>,
        <http://thedatahub.org/dataset/rkb-explorer-newcastle>,
        <http://thedatahub.org/dataset/rkb-explorer-nsf>,
        <http://thedatahub.org/dataset/rkb-explorer-oai>,
        <http://thedatahub.org/dataset/rkb-explorer-os>,
        <http://thedatahub.org/dataset/rkb-explorer-pisa>,
        <http://thedatahub.org/dataset/rkb-explorer-rae2001>,
        <http://thedatahub.org/dataset/rkb-explorer-resex>,
        <http://thedatahub.org/dataset/rkb-explorer-risks>,
        <http://thedatahub.org/dataset/rkb-explorer-roma>,
        <http://thedatahub.org/dataset/rkb-explorer-southampton>,
        <http://thedatahub.org/dataset/rkb-explorer-ulm>,
        <http://thedatahub.org/dataset/rkb-explorer-unlocode>,
        <http://thedatahub.org/dataset/rkb-explorer-wiki>,
        <http://thedatahub.org/dataset/rkb-explorer-wordnet>,
        <http://thedatahub.org/dataset/schemapedia>,
        <http://thedatahub.org/dataset/scholarometer>,
        <http://thedatahub.org/dataset/scotland-pupil-numbers-and-exam-results-2008>,
        <http://thedatahub.org/dataset/scotland-statistical-geography>,
        <http://thedatahub.org/dataset/sears>,
        <http://thedatahub.org/dataset/sec-rdfabout>,
        <http://thedatahub.org/dataset/secold>,
        <http://thedatahub.org/dataset/semantic-web-dog-food>,
        <http://thedatahub.org/dataset/semantic-xbrl>,
        <http://thedatahub.org/dataset/semantictweet>,
        <http://thedatahub.org/dataset/semanticweb-org>,
        <http://thedatahub.org/dataset/semsol-crunchbase>,
        <http://thedatahub.org/dataset/slideshare2rdf>,
        <http://thedatahub.org/dataset/smartlink>,
        <http://thedatahub.org/dataset/socialsemweb-thesaurus>,
        <http://thedatahub.org/dataset/southampton-ecs-eprints>,
        <http://thedatahub.org/dataset/st-andrews-resource-lists>,
        <http://thedatahub.org/dataset/statistics-data-gov-uk>,
        <http://thedatahub.org/dataset/stitch-rameau>,
        <http://thedatahub.org/dataset/stw-thesaurus-for-economics>,
        <http://thedatahub.org/dataset/sudocfr>,
        <http://thedatahub.org/dataset/surge-radio>,
        <http://thedatahub.org/dataset/swedish-open-cultural-heritage>,
        <http://thedatahub.org/dataset/sweto-dblp>,
        <http://thedatahub.org/dataset/sztaki-lod>,
        <http://thedatahub.org/dataset/t4gm-info>,
        <http://thedatahub.org/dataset/tags2con-delicious>,
        <http://thedatahub.org/dataset/talis-openlibrary>,
        <http://thedatahub.org/dataset/taxonconcept>,
        <http://thedatahub.org/dataset/tcmgenedit_dataset>,
        <http://thedatahub.org/dataset/telegraphis>,
        <http://thedatahub.org/dataset/temple-ov-thee-lemur-datasets>,
        <http://thedatahub.org/dataset/the-view-from>,
        <http://thedatahub.org/dataset/thesaurus-w>,
        <http://thedatahub.org/dataset/thesesfr>,
        <http://thedatahub.org/dataset/traffic-scotland>,
        <http://thedatahub.org/dataset/transparency-linked-data>,
        <http://thedatahub.org/dataset/transport-data-gov-uk>,
        <http://thedatahub.org/dataset/twarql>,
        <http://thedatahub.org/dataset/twc-logd>,
        <http://thedatahub.org/dataset/ub-mannheim-linked-data>,
        <http://thedatahub.org/dataset/uberblic>,
        <http://thedatahub.org/dataset/uk-legislation-api>,
        <http://thedatahub.org/dataset/uk-postcodes>,
        <http://thedatahub.org/dataset/umbel>,
        <http://thedatahub.org/dataset/uniprot>,
        <http://thedatahub.org/dataset/uniprot-taxonomy>,
        <http://thedatahub.org/dataset/uniprot-uniparc>,
        <http://thedatahub.org/dataset/uniprot-unipathway>,
        <http://thedatahub.org/dataset/uniprotkb>,
        <http://thedatahub.org/dataset/uniref>,
        <http://thedatahub.org/dataset/university-plymouth-reading-lists>,
        <http://thedatahub.org/dataset/university-sussex-reading-lists>,
        <http://thedatahub.org/dataset/uriburner>,
        <http://thedatahub.org/dataset/viaf>,
        <http://thedatahub.org/dataset/vivo-cornell-university>,
        <http://thedatahub.org/dataset/vivo-indiana-university>,
        <http://thedatahub.org/dataset/vivo-university-of-florida>,
        <http://thedatahub.org/dataset/vu-wordnet>,
        <http://thedatahub.org/dataset/w3c-wordnet>,
        <http://thedatahub.org/dataset/webnmasunotraveler>,
        <http://thedatahub.org/dataset/world-bank-linked-data>,
        <http://thedatahub.org/dataset/world-factbook-fu-berlin>,
        <http://thedatahub.org/dataset/yago>,
        <http://thedatahub.org/dataset/yahoo_geoplanet>,
        <http://thedatahub.org/dataset/yovisto>,
        <http://thedatahub.org/dataset/zaragoza-turismo>,
        <http://thedatahub.org/dataset/zbw-pressemappe20>,
        <http://thedatahub.org/dataset/zhishi-me>,
        <http://thedatahub.org/dataset/zitgist-musicbrainz> .

<http://thedatahub.org/dataset/2000-us-census-rdf> a datafaqs:CKANDataset,
        dcat:Dataset .

<http://thedatahub.org/dataset/a-seobook-dataset> a datafaqs:CKANDataset,
        dcat:Dataset .

<http://thedatahub.org/dataset/aemet> a datafaqs:CKANDataset,
        dcat:Dataset .

<http://thedatahub.org/dataset/agrovoc-skos> a datafaqs:CKANDataset,
        dcat:Dataset .

<http://thedatahub.org/dataset/amsterdam-museum-as-edm-lod> a datafaqs:CKANDataset,
        dcat:Dataset .

<http://thedatahub.org/dataset/archiveshub-linkeddata> a datafaqs:CKANDataset,
        dcat:Dataset .

<http://thedatahub.org/dataset/austrian_ski_racers> a datafaqs:CKANDataset,
        dcat:Dataset .

<http://thedatahub.org/dataset/b3kat> a datafaqs:CKANDataset,
        dcat:Dataset .

<http://thedatahub.org/dataset/bbc-music> a datafaqs:CKANDataset,
        dcat:Dataset .

<http://thedatahub.org/dataset/bbc-programmes> a datafaqs:CKANDataset,
        dcat:Dataset .

<http://thedatahub.org/dataset/bbc-wildlife-finder> a datafaqs:CKANDataset,
        dcat:Dataset .

<http://thedatahub.org/dataset/beneficiaries-of-the-european-commission> a datafaqs:CKANDataset,
        dcat:Dataset .

<http://thedatahub.org/dataset/bibbase> a datafaqs:CKANDataset,
        dcat:Dataset .

<http://thedatahub.org/dataset/bible-ontology> a datafaqs:CKANDataset,
        dcat:Dataset .

<http://thedatahub.org/dataset/bio2rdf-affymetrix> a datafaqs:CKANDataset,
        dcat:Dataset .

<http://thedatahub.org/dataset/bio2rdf-cas> a datafaqs:CKANDataset,
        dcat:Dataset .

<http://thedatahub.org/dataset/bio2rdf-chebi> a datafaqs:CKANDataset,
        dcat:Dataset .

<http://thedatahub.org/dataset/bio2rdf-genbank> a datafaqs:CKANDataset,
        dcat:Dataset .

<http://thedatahub.org/dataset/bio2rdf-goa> a datafaqs:CKANDataset,
        dcat:Dataset .

<http://thedatahub.org/dataset/bio2rdf-hgnc> a datafaqs:CKANDataset,
        dcat:Dataset .

<http://thedatahub.org/dataset/bio2rdf-homologene> a datafaqs:CKANDataset,
        dcat:Dataset .

<http://thedatahub.org/dataset/bio2rdf-interpro> a datafaqs:CKANDataset,
        dcat:Dataset .

<http://thedatahub.org/dataset/bio2rdf-kegg-compound> a datafaqs:CKANDataset,
        dcat:Dataset .

<http://thedatahub.org/dataset/bio2rdf-kegg-drug> a datafaqs:CKANDataset,
        dcat:Dataset .

<http://thedatahub.org/dataset/bio2rdf-kegg-enzyme> a datafaqs:CKANDataset,
        dcat:Dataset .

<http://thedatahub.org/dataset/bio2rdf-kegg-glycan> a datafaqs:CKANDataset,
        dcat:Dataset .

<http://thedatahub.org/dataset/bio2rdf-kegg-pathway> a datafaqs:CKANDataset,
        dcat:Dataset .

<http://thedatahub.org/dataset/bio2rdf-kegg-reaction> a datafaqs:CKANDataset,
        dcat:Dataset .

<http://thedatahub.org/dataset/bio2rdf-mgi> a datafaqs:CKANDataset,
        dcat:Dataset .

<http://thedatahub.org/dataset/bio2rdf-ncbi-gene> a datafaqs:CKANDataset,
        dcat:Dataset .

<http://thedatahub.org/dataset/bio2rdf-obo> a datafaqs:CKANDataset,
        dcat:Dataset .

<http://thedatahub.org/dataset/bio2rdf-omim> a datafaqs:CKANDataset,
        dcat:Dataset .

<http://thedatahub.org/dataset/bio2rdf-pdb> a datafaqs:CKANDataset,
        dcat:Dataset .

<http://thedatahub.org/dataset/bio2rdf-pfam> a datafaqs:CKANDataset,
        dcat:Dataset .

<http://thedatahub.org/dataset/bio2rdf-prodom> a datafaqs:CKANDataset,
        dcat:Dataset .

<http://thedatahub.org/dataset/bio2rdf-prosite> a datafaqs:CKANDataset,
        dcat:Dataset .

<http://thedatahub.org/dataset/bio2rdf-pubchem> a datafaqs:CKANDataset,
        dcat:Dataset .

<http://thedatahub.org/dataset/bio2rdf-pubmed> a datafaqs:CKANDataset,
        dcat:Dataset .

<http://thedatahub.org/dataset/bio2rdf-reactome> a datafaqs:CKANDataset,
        dcat:Dataset .

<http://thedatahub.org/dataset/bio2rdf-sgd> a datafaqs:CKANDataset,
        dcat:Dataset .

<http://thedatahub.org/dataset/bio2rdf-unists> a datafaqs:CKANDataset,
        dcat:Dataset .

<http://thedatahub.org/dataset/bluk-bnb> a datafaqs:CKANDataset,
        dcat:Dataset .

<http://thedatahub.org/dataset/brazilian-politicians> a datafaqs:CKANDataset,
        dcat:Dataset .

<http://thedatahub.org/dataset/bricklink> a datafaqs:CKANDataset,
        dcat:Dataset .

<http://thedatahub.org/dataset/british-museum-collection> a datafaqs:CKANDataset,
        dcat:Dataset .

<http://thedatahub.org/dataset/business-data-gov-uk> a datafaqs:CKANDataset,
        dcat:Dataset .

<http://thedatahub.org/dataset/calames> a datafaqs:CKANDataset,
        dcat:Dataset .

<http://thedatahub.org/dataset/chem2bio2rdf> a datafaqs:CKANDataset,
        dcat:Dataset .

<http://thedatahub.org/dataset/chronicling-america> a datafaqs:CKANDataset,
        dcat:Dataset .

<http://thedatahub.org/dataset/clean-energy-data-reegle> a datafaqs:CKANDataset,
        dcat:Dataset .

<http://thedatahub.org/dataset/colinda> a datafaqs:CKANDataset,
        dcat:Dataset .

<http://thedatahub.org/dataset/core> a datafaqs:CKANDataset,
        dcat:Dataset .

<http://thedatahub.org/dataset/cornetto> a datafaqs:CKANDataset,
        dcat:Dataset .

<http://thedatahub.org/dataset/courts-thesaurus> a datafaqs:CKANDataset,
        dcat:Dataset .

<http://thedatahub.org/dataset/data-bnf-fr> a datafaqs:CKANDataset,
        dcat:Dataset .

<http://thedatahub.org/dataset/data-cnr-it> a datafaqs:CKANDataset,
        dcat:Dataset .

<http://thedatahub.org/dataset/data-gov> a datafaqs:CKANDataset,
        dcat:Dataset .

<http://thedatahub.org/dataset/data-gov-ie> a datafaqs:CKANDataset,
        dcat:Dataset .

<http://thedatahub.org/dataset/data-gov-uk-time-intervals> a datafaqs:CKANDataset,
        dcat:Dataset .

<http://thedatahub.org/dataset/data-incubator-climb> a datafaqs:CKANDataset,
        dcat:Dataset .

<http://thedatahub.org/dataset/data-incubator-discogs> a datafaqs:CKANDataset,
        dcat:Dataset .

<http://thedatahub.org/dataset/data-incubator-metoffice> a datafaqs:CKANDataset,
        dcat:Dataset .

<http://thedatahub.org/dataset/data-incubator-moseley> a datafaqs:CKANDataset,
        dcat:Dataset .

<http://thedatahub.org/dataset/data-incubator-musicbrainz> a datafaqs:CKANDataset,
        dcat:Dataset .

<http://thedatahub.org/dataset/data-incubator-nasa> a datafaqs:CKANDataset,
        dcat:Dataset .

<http://thedatahub.org/dataset/data-incubator-our-airports> a datafaqs:CKANDataset,
        dcat:Dataset .

<http://thedatahub.org/dataset/data-incubator-pokedex> a datafaqs:CKANDataset,
        dcat:Dataset .

<http://thedatahub.org/dataset/data-incubator-smcjournals> a datafaqs:CKANDataset,
        dcat:Dataset .

<http://thedatahub.org/dataset/data-open-ac-uk> a datafaqs:CKANDataset,
        dcat:Dataset .

<http://thedatahub.org/dataset/datos-bcn-cl> a datafaqs:CKANDataset,
        dcat:Dataset .

<http://thedatahub.org/dataset/datos-bne-es> a datafaqs:CKANDataset,
        dcat:Dataset .

<http://thedatahub.org/dataset/dbpedia> a datafaqs:CKANDataset,
        dcat:Dataset .

<http://thedatahub.org/dataset/dbpedia-el> a datafaqs:CKANDataset,
        dcat:Dataset .

<http://thedatahub.org/dataset/dbpedia-lite> a datafaqs:CKANDataset,
        dcat:Dataset .

<http://thedatahub.org/dataset/dbpedia-pt> a datafaqs:CKANDataset,
        dcat:Dataset .

<http://thedatahub.org/dataset/dbtropes> a datafaqs:CKANDataset,
        dcat:Dataset .

<http://thedatahub.org/dataset/dbtune-audioscrobbler> a datafaqs:CKANDataset,
        dcat:Dataset .

<http://thedatahub.org/dataset/dbtune-classical> a datafaqs:CKANDataset,
        dcat:Dataset .

<http://thedatahub.org/dataset/dbtune-john-peel-sessions> a datafaqs:CKANDataset,
        dcat:Dataset .

<http://thedatahub.org/dataset/dbtune-magnatune> a datafaqs:CKANDataset,
        dcat:Dataset .

<http://thedatahub.org/dataset/dbtune-musicbrainz> a datafaqs:CKANDataset,
        dcat:Dataset .

<http://thedatahub.org/dataset/dbtune-myspace> a datafaqs:CKANDataset,
        dcat:Dataset .

<http://thedatahub.org/dataset/dcs-sheffield> a datafaqs:CKANDataset,
        dcat:Dataset .

<http://thedatahub.org/dataset/deutsche-biographie> a datafaqs:CKANDataset,
        dcat:Dataset .

<http://thedatahub.org/dataset/dewey_decimal_classification> a datafaqs:CKANDataset,
        dcat:Dataset .

<http://thedatahub.org/dataset/didactalia> a datafaqs:CKANDataset,
        dcat:Dataset .

<http://thedatahub.org/dataset/dnb-gemeinsame-normdatei> a datafaqs:CKANDataset,
        dcat:Dataset .

<http://thedatahub.org/dataset/ecco-tcp-linked-data> a datafaqs:CKANDataset,
        dcat:Dataset .

<http://thedatahub.org/dataset/ecs> a datafaqs:CKANDataset,
        dcat:Dataset .

<http://thedatahub.org/dataset/education-data-gov-uk> a datafaqs:CKANDataset,
        dcat:Dataset .

<http://thedatahub.org/dataset/educationalprograms_sisvu> a datafaqs:CKANDataset,
        dcat:Dataset .

<http://thedatahub.org/dataset/eea> a datafaqs:CKANDataset,
        dcat:Dataset .

<http://thedatahub.org/dataset/enakting-co2emission> a datafaqs:CKANDataset,
        dcat:Dataset .

<http://thedatahub.org/dataset/enakting-crime> a datafaqs:CKANDataset,
        dcat:Dataset .

<http://thedatahub.org/dataset/enakting-energy> a datafaqs:CKANDataset,
        dcat:Dataset .

<http://thedatahub.org/dataset/enakting-mortality> a datafaqs:CKANDataset,
        dcat:Dataset .

<http://thedatahub.org/dataset/enakting-nhs> a datafaqs:CKANDataset,
        dcat:Dataset .

<http://thedatahub.org/dataset/enakting-population> a datafaqs:CKANDataset,
        dcat:Dataset .

<http://thedatahub.org/dataset/enipedia> a datafaqs:CKANDataset,
        dcat:Dataset .

<http://thedatahub.org/dataset/environmental-applications-reference-thesaurus> a datafaqs:CKANDataset,
        dcat:Dataset .

<http://thedatahub.org/dataset/esd-standards> a datafaqs:CKANDataset,
        dcat:Dataset .

<http://thedatahub.org/dataset/eu-institutions> a datafaqs:CKANDataset,
        dcat:Dataset .

<http://thedatahub.org/dataset/eumida-linked-data> a datafaqs:CKANDataset,
        dcat:Dataset .

<http://thedatahub.org/dataset/eunis> a datafaqs:CKANDataset,
        dcat:Dataset .

<http://thedatahub.org/dataset/europeana-lod> a datafaqs:CKANDataset,
        dcat:Dataset .

<http://thedatahub.org/dataset/eurostat-rdf> a datafaqs:CKANDataset,
        dcat:Dataset .

<http://thedatahub.org/dataset/eutc-productions> a datafaqs:CKANDataset,
        dcat:Dataset .

<http://thedatahub.org/dataset/event-media> a datafaqs:CKANDataset,
        dcat:Dataset .

<http://thedatahub.org/dataset/fanhubz> a datafaqs:CKANDataset,
        dcat:Dataset .

<http://thedatahub.org/dataset/fao-geopolitical-ontology> a datafaqs:CKANDataset,
        dcat:Dataset .

<http://thedatahub.org/dataset/farmbio-chembl> a datafaqs:CKANDataset,
        dcat:Dataset .

<http://thedatahub.org/dataset/farmers-markets-geographic-data-united-states> a datafaqs:CKANDataset,
        dcat:Dataset .

<http://thedatahub.org/dataset/finnish-municipalities> a datafaqs:CKANDataset,
        dcat:Dataset .

<http://thedatahub.org/dataset/fishes-of-texas> a datafaqs:CKANDataset,
        dcat:Dataset .

<http://thedatahub.org/dataset/flickr-wrappr> a datafaqs:CKANDataset,
        dcat:Dataset .

<http://thedatahub.org/dataset/freebase> a datafaqs:CKANDataset,
        dcat:Dataset .

<http://thedatahub.org/dataset/fu-berlin-cordis> a datafaqs:CKANDataset,
        dcat:Dataset .

<http://thedatahub.org/dataset/fu-berlin-dailymed> a datafaqs:CKANDataset,
        dcat:Dataset .

<http://thedatahub.org/dataset/fu-berlin-dblp> a datafaqs:CKANDataset,
        dcat:Dataset .

<http://thedatahub.org/dataset/fu-berlin-diseasome> a datafaqs:CKANDataset,
        dcat:Dataset .

<http://thedatahub.org/dataset/fu-berlin-drugbank> a datafaqs:CKANDataset,
        dcat:Dataset .

<http://thedatahub.org/dataset/fu-berlin-eures> a datafaqs:CKANDataset,
        dcat:Dataset .

<http://thedatahub.org/dataset/fu-berlin-eurostat> a datafaqs:CKANDataset,
        dcat:Dataset .

<http://thedatahub.org/dataset/fu-berlin-medicare> a datafaqs:CKANDataset,
        dcat:Dataset .

<http://thedatahub.org/dataset/fu-berlin-project-gutenberg> a datafaqs:CKANDataset,
        dcat:Dataset .

<http://thedatahub.org/dataset/fu-berlin-sider> a datafaqs:CKANDataset,
        dcat:Dataset .

<http://thedatahub.org/dataset/fu-berlin-stitch> a datafaqs:CKANDataset,
        dcat:Dataset .

<http://thedatahub.org/dataset/gemeenschappelijke-thesaurus-audiovisuele-archieven> a datafaqs:CKANDataset,
        dcat:Dataset .

<http://thedatahub.org/dataset/gemet> a datafaqs:CKANDataset,
        dcat:Dataset .

<http://thedatahub.org/dataset/geolinkeddata> a datafaqs:CKANDataset,
        dcat:Dataset .

<http://thedatahub.org/dataset/geological-survey-of-austria-thesaurus> a datafaqs:CKANDataset,
        dcat:Dataset .

<http://thedatahub.org/dataset/geonames-semantic-web> a datafaqs:CKANDataset,
        dcat:Dataset .

<http://thedatahub.org/dataset/geospecies> a datafaqs:CKANDataset,
        dcat:Dataset .

<http://thedatahub.org/dataset/geowordnet> a datafaqs:CKANDataset,
        dcat:Dataset .

<http://thedatahub.org/dataset/german-labor-law-thesaurus> a datafaqs:CKANDataset,
        dcat:Dataset .

<http://thedatahub.org/dataset/gesis-thesoz> a datafaqs:CKANDataset,
        dcat:Dataset .

<http://thedatahub.org/dataset/gnoss> a datafaqs:CKANDataset,
        dcat:Dataset .

<http://thedatahub.org/dataset/googleart-wrapper> a datafaqs:CKANDataset,
        dcat:Dataset .

<http://thedatahub.org/dataset/government-web-integration-for-linked-data> a datafaqs:CKANDataset,
        dcat:Dataset .

<http://thedatahub.org/dataset/govtrack> a datafaqs:CKANDataset,
        dcat:Dataset .

<http://thedatahub.org/dataset/grrp> a datafaqs:CKANDataset,
        dcat:Dataset .

<http://thedatahub.org/dataset/hellenic-fire-brigade> a datafaqs:CKANDataset,
        dcat:Dataset .

<http://thedatahub.org/dataset/hellenic-police> a datafaqs:CKANDataset,
        dcat:Dataset .

<http://thedatahub.org/dataset/hungarian-national-library-catalog> a datafaqs:CKANDataset,
        dcat:Dataset .

<http://thedatahub.org/dataset/idreffr> a datafaqs:CKANDataset,
        dcat:Dataset .

<http://thedatahub.org/dataset/iserve> a datafaqs:CKANDataset,
        dcat:Dataset .

<http://thedatahub.org/dataset/istat-immigration> a datafaqs:CKANDataset,
        dcat:Dataset .

<http://thedatahub.org/dataset/italian-public-schools-linkedopendata-it> a datafaqs:CKANDataset,
        dcat:Dataset .

<http://thedatahub.org/dataset/jamendo-dbtune> a datafaqs:CKANDataset,
        dcat:Dataset .

<http://thedatahub.org/dataset/japan-radioactivity-stat> a datafaqs:CKANDataset,
        dcat:Dataset .

<http://thedatahub.org/dataset/john-goodwins-family-tree> a datafaqs:CKANDataset,
        dcat:Dataset .

<http://thedatahub.org/dataset/klappstuhlclub> a datafaqs:CKANDataset,
        dcat:Dataset .

<http://thedatahub.org/dataset/knoesis-linked-sensor-data> a datafaqs:CKANDataset,
        dcat:Dataset .

<http://thedatahub.org/dataset/l3s-dblp> a datafaqs:CKANDataset,
        dcat:Dataset .

<http://thedatahub.org/dataset/lcsh> a datafaqs:CKANDataset,
        dcat:Dataset .

<http://thedatahub.org/dataset/lexvo> a datafaqs:CKANDataset,
        dcat:Dataset .

<http://thedatahub.org/dataset/libris> a datafaqs:CKANDataset,
        dcat:Dataset .

<http://thedatahub.org/dataset/libver> a datafaqs:CKANDataset,
        dcat:Dataset .

<http://thedatahub.org/dataset/lichfield-spending> a datafaqs:CKANDataset,
        dcat:Dataset .

<http://thedatahub.org/dataset/lingvoj> a datafaqs:CKANDataset,
        dcat:Dataset .

<http://thedatahub.org/dataset/linked-crunchbase> a datafaqs:CKANDataset,
        dcat:Dataset .

<http://thedatahub.org/dataset/linked-edgar> a datafaqs:CKANDataset,
        dcat:Dataset .

<http://thedatahub.org/dataset/linked-eurostat> a datafaqs:CKANDataset,
        dcat:Dataset .

<http://thedatahub.org/dataset/linked-open-data-of-ecology> a datafaqs:CKANDataset,
        dcat:Dataset .

<http://thedatahub.org/dataset/linked-open-numbers> a datafaqs:CKANDataset,
        dcat:Dataset .

<http://thedatahub.org/dataset/linked-open-vocabularies-lov> a datafaqs:CKANDataset,
        dcat:Dataset .

<http://thedatahub.org/dataset/linked-user-feedback> a datafaqs:CKANDataset,
        dcat:Dataset .

<http://thedatahub.org/dataset/linkedct> a datafaqs:CKANDataset,
        dcat:Dataset .

<http://thedatahub.org/dataset/linkedgeodata> a datafaqs:CKANDataset,
        dcat:Dataset .

<http://thedatahub.org/dataset/linkedlccn> a datafaqs:CKANDataset,
        dcat:Dataset .

<http://thedatahub.org/dataset/linkedmdb> a datafaqs:CKANDataset,
        dcat:Dataset .

<http://thedatahub.org/dataset/lista-encabezamientos-materia> a datafaqs:CKANDataset,
        dcat:Dataset .

<http://thedatahub.org/dataset/lobid-organisations> a datafaqs:CKANDataset,
        dcat:Dataset .

<http://thedatahub.org/dataset/lobid-resources> a datafaqs:CKANDataset,
        dcat:Dataset .

<http://thedatahub.org/dataset/loc> a datafaqs:CKANDataset,
        dcat:Dataset .

<http://thedatahub.org/dataset/loius> a datafaqs:CKANDataset,
        dcat:Dataset .

<http://thedatahub.org/dataset/london-gazette> a datafaqs:CKANDataset,
        dcat:Dataset .

<http://thedatahub.org/dataset/los_metar> a datafaqs:CKANDataset,
        dcat:Dataset .

<http://thedatahub.org/dataset/lotico> a datafaqs:CKANDataset,
        dcat:Dataset .

<http://thedatahub.org/dataset/manchester-university-reading-lists> a datafaqs:CKANDataset,
        dcat:Dataset .

<http://thedatahub.org/dataset/marc-codes> a datafaqs:CKANDataset,
        dcat:Dataset .

<http://thedatahub.org/dataset/meducator> a datafaqs:CKANDataset,
        dcat:Dataset .

<http://thedatahub.org/dataset/morelab> a datafaqs:CKANDataset,
        dcat:Dataset .

<http://thedatahub.org/dataset/museums-in-italy> a datafaqs:CKANDataset,
        dcat:Dataset .

<http://thedatahub.org/dataset/my-experiment> a datafaqs:CKANDataset,
        dcat:Dataset .

<http://thedatahub.org/dataset/my-family-lineage> a datafaqs:CKANDataset,
        dcat:Dataset .

<http://thedatahub.org/dataset/national-diet-library-authorities> a datafaqs:CKANDataset,
        dcat:Dataset .

<http://thedatahub.org/dataset/nomenclator-asturias-2010> a datafaqs:CKANDataset,
        dcat:Dataset .

<http://thedatahub.org/dataset/normesh> a datafaqs:CKANDataset,
        dcat:Dataset .

<http://thedatahub.org/dataset/nottingham-trent-university-resource-lists> a datafaqs:CKANDataset,
        dcat:Dataset .

<http://thedatahub.org/dataset/ntnusc> a datafaqs:CKANDataset,
        dcat:Dataset .

<http://thedatahub.org/dataset/nvd> a datafaqs:CKANDataset,
        dcat:Dataset .

<http://thedatahub.org/dataset/nytimes-linked-open-data> a datafaqs:CKANDataset,
        dcat:Dataset .

<http://thedatahub.org/dataset/oceandrilling-codices> a datafaqs:CKANDataset,
        dcat:Dataset .

<http://thedatahub.org/dataset/oceandrilling-janusamp> a datafaqs:CKANDataset,
        dcat:Dataset .

<http://thedatahub.org/dataset/oclc-fast> a datafaqs:CKANDataset,
        dcat:Dataset .

<http://thedatahub.org/dataset/ogolod> a datafaqs:CKANDataset,
        dcat:Dataset .

<http://thedatahub.org/dataset/ontos-news-portal> a datafaqs:CKANDataset,
        dcat:Dataset .

<http://thedatahub.org/dataset/open-data-thesaurus> a datafaqs:CKANDataset,
        dcat:Dataset .

<http://thedatahub.org/dataset/open-election-data-project> a datafaqs:CKANDataset,
        dcat:Dataset .

<http://thedatahub.org/dataset/open-energy-info-wiki> a datafaqs:CKANDataset,
        dcat:Dataset .

<http://thedatahub.org/dataset/opencalais> a datafaqs:CKANDataset,
        dcat:Dataset .

<http://thedatahub.org/dataset/opencorporates> a datafaqs:CKANDataset,
        dcat:Dataset .

<http://thedatahub.org/dataset/opencyc> a datafaqs:CKANDataset,
        dcat:Dataset .

<http://thedatahub.org/dataset/openlibrary> a datafaqs:CKANDataset,
        dcat:Dataset .

<http://thedatahub.org/dataset/openlylocal> a datafaqs:CKANDataset,
        dcat:Dataset .

<http://thedatahub.org/dataset/ordnance-survey-linked-data> a datafaqs:CKANDataset,
        dcat:Dataset .

<http://thedatahub.org/dataset/oxpoints> a datafaqs:CKANDataset,
        dcat:Dataset .

<http://thedatahub.org/dataset/patents-data-gov-uk> a datafaqs:CKANDataset,
        dcat:Dataset .

<http://thedatahub.org/dataset/pleiades> a datafaqs:CKANDataset,
        dcat:Dataset .

<http://thedatahub.org/dataset/pokepedia-fr> a datafaqs:CKANDataset,
        dcat:Dataset .

<http://thedatahub.org/dataset/prefix-cc> a datafaqs:CKANDataset,
        dcat:Dataset .

<http://thedatahub.org/dataset/printed-book-auction-catalogues> a datafaqs:CKANDataset,
        dcat:Dataset .

<http://thedatahub.org/dataset/productdb> a datafaqs:CKANDataset,
        dcat:Dataset .

<http://thedatahub.org/dataset/productontology> a datafaqs:CKANDataset,
        dcat:Dataset .

<http://thedatahub.org/dataset/pscs-catalogue> a datafaqs:CKANDataset,
        dcat:Dataset .

<http://thedatahub.org/dataset/psh-subject-headings> a datafaqs:CKANDataset,
        dcat:Dataset .

<http://thedatahub.org/dataset/radatana> a datafaqs:CKANDataset,
        dcat:Dataset .

<http://thedatahub.org/dataset/rdf-book-mashup> a datafaqs:CKANDataset,
        dcat:Dataset .

<http://thedatahub.org/dataset/rdfize-lastfm> a datafaqs:CKANDataset,
        dcat:Dataset .

<http://thedatahub.org/dataset/rdfohloh> a datafaqs:CKANDataset,
        dcat:Dataset .

<http://thedatahub.org/dataset/rechtspraak> a datafaqs:CKANDataset,
        dcat:Dataset .

<http://thedatahub.org/dataset/reference-data-gov-uk> a datafaqs:CKANDataset,
        dcat:Dataset .

<http://thedatahub.org/dataset/renewable_energy_generators> a datafaqs:CKANDataset,
        dcat:Dataset .

<http://thedatahub.org/dataset/research-data-gov-uk> a datafaqs:CKANDataset,
        dcat:Dataset .

<http://thedatahub.org/dataset/revyu> a datafaqs:CKANDataset,
        dcat:Dataset .

<http://thedatahub.org/dataset/riese> a datafaqs:CKANDataset,
        dcat:Dataset .

<http://thedatahub.org/dataset/rkb-explorer-acm> a datafaqs:CKANDataset,
        dcat:Dataset .

<http://thedatahub.org/dataset/rkb-explorer-budapest> a datafaqs:CKANDataset,
        dcat:Dataset .

<http://thedatahub.org/dataset/rkb-explorer-citeseer> a datafaqs:CKANDataset,
        dcat:Dataset .

<http://thedatahub.org/dataset/rkb-explorer-cordis> a datafaqs:CKANDataset,
        dcat:Dataset .

<http://thedatahub.org/dataset/rkb-explorer-courseware> a datafaqs:CKANDataset,
        dcat:Dataset .

<http://thedatahub.org/dataset/rkb-explorer-crime> a datafaqs:CKANDataset,
        dcat:Dataset .

<http://thedatahub.org/dataset/rkb-explorer-curriculum> a datafaqs:CKANDataset,
        dcat:Dataset .

<http://thedatahub.org/dataset/rkb-explorer-darmstadt> a datafaqs:CKANDataset,
        dcat:Dataset .

<http://thedatahub.org/dataset/rkb-explorer-dblp> a datafaqs:CKANDataset,
        dcat:Dataset .

<http://thedatahub.org/dataset/rkb-explorer-deepblue> a datafaqs:CKANDataset,
        dcat:Dataset .

<http://thedatahub.org/dataset/rkb-explorer-deploy> a datafaqs:CKANDataset,
        dcat:Dataset .

<http://thedatahub.org/dataset/rkb-explorer-dotac> a datafaqs:CKANDataset,
        dcat:Dataset .

<http://thedatahub.org/dataset/rkb-explorer-ecs> a datafaqs:CKANDataset,
        dcat:Dataset .

<http://thedatahub.org/dataset/rkb-explorer-eprints> a datafaqs:CKANDataset,
        dcat:Dataset .

<http://thedatahub.org/dataset/rkb-explorer-era> a datafaqs:CKANDataset,
        dcat:Dataset .

<http://thedatahub.org/dataset/rkb-explorer-eurecom> a datafaqs:CKANDataset,
        dcat:Dataset .

<http://thedatahub.org/dataset/rkb-explorer-ft> a datafaqs:CKANDataset,
        dcat:Dataset .

<http://thedatahub.org/dataset/rkb-explorer-ibm> a datafaqs:CKANDataset,
        dcat:Dataset .

<http://thedatahub.org/dataset/rkb-explorer-ieee> a datafaqs:CKANDataset,
        dcat:Dataset .

<http://thedatahub.org/dataset/rkb-explorer-irit> a datafaqs:CKANDataset,
        dcat:Dataset .

<http://thedatahub.org/dataset/rkb-explorer-jisc> a datafaqs:CKANDataset,
        dcat:Dataset .

<http://thedatahub.org/dataset/rkb-explorer-kisti> a datafaqs:CKANDataset,
        dcat:Dataset .

<http://thedatahub.org/dataset/rkb-explorer-laas> a datafaqs:CKANDataset,
        dcat:Dataset .

<http://thedatahub.org/dataset/rkb-explorer-newcastle> a datafaqs:CKANDataset,
        dcat:Dataset .

<http://thedatahub.org/dataset/rkb-explorer-nsf> a datafaqs:CKANDataset,
        dcat:Dataset .

<http://thedatahub.org/dataset/rkb-explorer-oai> a datafaqs:CKANDataset,
        dcat:Dataset .

<http://thedatahub.org/dataset/rkb-explorer-os> a datafaqs:CKANDataset,
        dcat:Dataset .

<http://thedatahub.org/dataset/rkb-explorer-pisa> a datafaqs:CKANDataset,
        dcat:Dataset .

<http://thedatahub.org/dataset/rkb-explorer-rae2001> a datafaqs:CKANDataset,
        dcat:Dataset .

<http://thedatahub.org/dataset/rkb-explorer-resex> a datafaqs:CKANDataset,
        dcat:Dataset .

<http://thedatahub.org/dataset/rkb-explorer-risks> a datafaqs:CKANDataset,
        dcat:Dataset .

<http://thedatahub.org/dataset/rkb-explorer-roma> a datafaqs:CKANDataset,
        dcat:Dataset .

<http://thedatahub.org/dataset/rkb-explorer-southampton> a datafaqs:CKANDataset,
        dcat:Dataset .

<http://thedatahub.org/dataset/rkb-explorer-ulm> a datafaqs:CKANDataset,
        dcat:Dataset .

<http://thedatahub.org/dataset/rkb-explorer-unlocode> a datafaqs:CKANDataset,
        dcat:Dataset .

<http://thedatahub.org/dataset/rkb-explorer-wiki> a datafaqs:CKANDataset,
        dcat:Dataset .

<http://thedatahub.org/dataset/rkb-explorer-wordnet> a datafaqs:CKANDataset,
        dcat:Dataset .

<http://thedatahub.org/dataset/schemapedia> a datafaqs:CKANDataset,
        dcat:Dataset .

<http://thedatahub.org/dataset/scholarometer> a datafaqs:CKANDataset,
        dcat:Dataset .

<http://thedatahub.org/dataset/scotland-pupil-numbers-and-exam-results-2008> a datafaqs:CKANDataset,
        dcat:Dataset .

<http://thedatahub.org/dataset/scotland-statistical-geography> a datafaqs:CKANDataset,
        dcat:Dataset .

<http://thedatahub.org/dataset/sears> a datafaqs:CKANDataset,
        dcat:Dataset .

<http://thedatahub.org/dataset/sec-rdfabout> a datafaqs:CKANDataset,
        dcat:Dataset .

<http://thedatahub.org/dataset/secold> a datafaqs:CKANDataset,
        dcat:Dataset .

<http://thedatahub.org/dataset/semantic-web-dog-food> a datafaqs:CKANDataset,
        dcat:Dataset .

<http://thedatahub.org/dataset/semantic-xbrl> a datafaqs:CKANDataset,
        dcat:Dataset .

<http://thedatahub.org/dataset/semantictweet> a datafaqs:CKANDataset,
        dcat:Dataset .

<http://thedatahub.org/dataset/semanticweb-org> a datafaqs:CKANDataset,
        dcat:Dataset .

<http://thedatahub.org/dataset/semsol-crunchbase> a datafaqs:CKANDataset,
        dcat:Dataset .

<http://thedatahub.org/dataset/slideshare2rdf> a datafaqs:CKANDataset,
        dcat:Dataset .

<http://thedatahub.org/dataset/smartlink> a datafaqs:CKANDataset,
        dcat:Dataset .

<http://thedatahub.org/dataset/socialsemweb-thesaurus> a datafaqs:CKANDataset,
        dcat:Dataset .

<http://thedatahub.org/dataset/southampton-ecs-eprints> a datafaqs:CKANDataset,
        dcat:Dataset .

<http://thedatahub.org/dataset/st-andrews-resource-lists> a datafaqs:CKANDataset,
        dcat:Dataset .

<http://thedatahub.org/dataset/statistics-data-gov-uk> a datafaqs:CKANDataset,
        dcat:Dataset .

<http://thedatahub.org/dataset/stitch-rameau> a datafaqs:CKANDataset,
        dcat:Dataset .

<http://thedatahub.org/dataset/stw-thesaurus-for-economics> a datafaqs:CKANDataset,
        dcat:Dataset .

<http://thedatahub.org/dataset/sudocfr> a datafaqs:CKANDataset,
        dcat:Dataset .

<http://thedatahub.org/dataset/surge-radio> a datafaqs:CKANDataset,
        dcat:Dataset .

<http://thedatahub.org/dataset/swedish-open-cultural-heritage> a datafaqs:CKANDataset,
        dcat:Dataset .

<http://thedatahub.org/dataset/sweto-dblp> a datafaqs:CKANDataset,
        dcat:Dataset .

<http://thedatahub.org/dataset/sztaki-lod> a datafaqs:CKANDataset,
        dcat:Dataset .

<http://thedatahub.org/dataset/t4gm-info> a datafaqs:CKANDataset,
        dcat:Dataset .

<http://thedatahub.org/dataset/tags2con-delicious> a datafaqs:CKANDataset,
        dcat:Dataset .

<http://thedatahub.org/dataset/talis-openlibrary> a datafaqs:CKANDataset,
        dcat:Dataset .

<http://thedatahub.org/dataset/taxonconcept> a datafaqs:CKANDataset,
        dcat:Dataset .

<http://thedatahub.org/dataset/tcmgenedit_dataset> a datafaqs:CKANDataset,
        dcat:Dataset .

<http://thedatahub.org/dataset/telegraphis> a datafaqs:CKANDataset,
        dcat:Dataset .

<http://thedatahub.org/dataset/temple-ov-thee-lemur-datasets> a datafaqs:CKANDataset,
        dcat:Dataset .

<http://thedatahub.org/dataset/the-view-from> a datafaqs:CKANDataset,
        dcat:Dataset .

<http://thedatahub.org/dataset/thesaurus-w> a datafaqs:CKANDataset,
        dcat:Dataset .

<http://thedatahub.org/dataset/thesesfr> a datafaqs:CKANDataset,
        dcat:Dataset .

<http://thedatahub.org/dataset/traffic-scotland> a datafaqs:CKANDataset,
        dcat:Dataset .

<http://thedatahub.org/dataset/transparency-linked-data> a datafaqs:CKANDataset,
        dcat:Dataset .

<http://thedatahub.org/dataset/transport-data-gov-uk> a datafaqs:CKANDataset,
        dcat:Dataset .

<http://thedatahub.org/dataset/twarql> a datafaqs:CKANDataset,
        dcat:Dataset .

<http://thedatahub.org/dataset/twc-logd> a datafaqs:CKANDataset,
        dcat:Dataset .

<http://thedatahub.org/dataset/ub-mannheim-linked-data> a datafaqs:CKANDataset,
        dcat:Dataset .

<http://thedatahub.org/dataset/uberblic> a datafaqs:CKANDataset,
        dcat:Dataset .

<http://thedatahub.org/dataset/uk-legislation-api> a datafaqs:CKANDataset,
        dcat:Dataset .

<http://thedatahub.org/dataset/uk-postcodes> a datafaqs:CKANDataset,
        dcat:Dataset .

<http://thedatahub.org/dataset/umbel> a datafaqs:CKANDataset,
        dcat:Dataset .

<http://thedatahub.org/dataset/uniprot> a datafaqs:CKANDataset,
        dcat:Dataset .

<http://thedatahub.org/dataset/uniprot-taxonomy> a datafaqs:CKANDataset,
        dcat:Dataset .

<http://thedatahub.org/dataset/uniprot-uniparc> a datafaqs:CKANDataset,
        dcat:Dataset .

<http://thedatahub.org/dataset/uniprot-unipathway> a datafaqs:CKANDataset,
        dcat:Dataset .

<http://thedatahub.org/dataset/uniprotkb> a datafaqs:CKANDataset,
        dcat:Dataset .

<http://thedatahub.org/dataset/uniref> a datafaqs:CKANDataset,
        dcat:Dataset .

<http://thedatahub.org/dataset/university-plymouth-reading-lists> a datafaqs:CKANDataset,
        dcat:Dataset .

<http://thedatahub.org/dataset/university-sussex-reading-lists> a datafaqs:CKANDataset,
        dcat:Dataset .

<http://thedatahub.org/dataset/uriburner> a datafaqs:CKANDataset,
        dcat:Dataset .

<http://thedatahub.org/dataset/viaf> a datafaqs:CKANDataset,
        dcat:Dataset .

<http://thedatahub.org/dataset/vivo-cornell-university> a datafaqs:CKANDataset,
        dcat:Dataset .

<http://thedatahub.org/dataset/vivo-indiana-university> a datafaqs:CKANDataset,
        dcat:Dataset .

<http://thedatahub.org/dataset/vivo-university-of-florida> a datafaqs:CKANDataset,
        dcat:Dataset .

<http://thedatahub.org/dataset/vu-wordnet> a datafaqs:CKANDataset,
        dcat:Dataset .

<http://thedatahub.org/dataset/w3c-wordnet> a datafaqs:CKANDataset,
        dcat:Dataset .

<http://thedatahub.org/dataset/webnmasunotraveler> a datafaqs:CKANDataset,
        dcat:Dataset .

<http://thedatahub.org/dataset/world-bank-linked-data> a datafaqs:CKANDataset,
        dcat:Dataset .

<http://thedatahub.org/dataset/world-factbook-fu-berlin> a datafaqs:CKANDataset,
        dcat:Dataset .

<http://thedatahub.org/dataset/yago> a datafaqs:CKANDataset,
        dcat:Dataset .

<http://thedatahub.org/dataset/yahoo_geoplanet> a datafaqs:CKANDataset,
        dcat:Dataset .

<http://thedatahub.org/dataset/yovisto> a datafaqs:CKANDataset,
        dcat:Dataset .

<http://thedatahub.org/dataset/zaragoza-turismo> a datafaqs:CKANDataset,
        dcat:Dataset .

<http://thedatahub.org/dataset/zbw-pressemappe20> a datafaqs:CKANDataset,
        dcat:Dataset .

<http://thedatahub.org/dataset/zhishi-me> a datafaqs:CKANDataset,
        dcat:Dataset .

<http://thedatahub.org/dataset/zitgist-musicbrainz> a datafaqs:CKANDataset,
        dcat:Dataset .

